<testsuites name="jest tests" tests="6" failures="6" time="0.763">
  <testsuite name="Hacker Dormitory" errors="0" failures="6" skipped="0" timestamp="2022-06-19T04:22:14" time="0.763" tests="6">
    <testcase classname="Hacker Dormitory should add valid students in Residents list" name="Hacker Dormitory should add valid students in Residents list" time="0.031">
      <failure>TypeError: Cannot read properties of undefined (reading &apos;textContent&apos;)
    at Object.&lt;anonymous&gt; (/Users/alcoholallergy/Desktop/test/TEST_FOR_SHOWCASE/src/App.test.js:39:29)
    at Object.asyncJestTest (/Users/alcoholallergy/Desktop/test/TEST_FOR_SHOWCASE/node_modules/jest-jasmine2/build/jasmineAsyncInstall.js:102:37)
    at /Users/alcoholallergy/Desktop/test/TEST_FOR_SHOWCASE/node_modules/jest-jasmine2/build/queueRunner.js:43:12
    at new Promise (&lt;anonymous&gt;)
    at mapper (/Users/alcoholallergy/Desktop/test/TEST_FOR_SHOWCASE/node_modules/jest-jasmine2/build/queueRunner.js:26:19)
    at /Users/alcoholallergy/Desktop/test/TEST_FOR_SHOWCASE/node_modules/jest-jasmine2/build/queueRunner.js:73:41
    at processTicksAndRejections (node:internal/process/task_queues:96:5)</failure>
    </testcase>
    <testcase classname="Hacker Dormitory should add valid students without case sensitivity" name="Hacker Dormitory should add valid students without case sensitivity" time="0.006">
      <failure>TypeError: Cannot read properties of undefined (reading &apos;textContent&apos;)
    at Object.&lt;anonymous&gt; (/Users/alcoholallergy/Desktop/test/TEST_FOR_SHOWCASE/src/App.test.js:53:29)
    at Object.asyncJestTest (/Users/alcoholallergy/Desktop/test/TEST_FOR_SHOWCASE/node_modules/jest-jasmine2/build/jasmineAsyncInstall.js:102:37)
    at /Users/alcoholallergy/Desktop/test/TEST_FOR_SHOWCASE/node_modules/jest-jasmine2/build/queueRunner.js:43:12
    at new Promise (&lt;anonymous&gt;)
    at mapper (/Users/alcoholallergy/Desktop/test/TEST_FOR_SHOWCASE/node_modules/jest-jasmine2/build/queueRunner.js:26:19)
    at /Users/alcoholallergy/Desktop/test/TEST_FOR_SHOWCASE/node_modules/jest-jasmine2/build/queueRunner.js:73:41
    at processTicksAndRejections (node:internal/process/task_queues:96:5)</failure>
    </testcase>
    <testcase classname="Hacker Dormitory should clear the input fields after adding a new student" name="Hacker Dormitory should clear the input fields after adding a new student" time="0.007">
      <failure>Error: expect(received).toEqual(expected) // deep equality

Expected: &quot;&quot;
Received: &quot;Adam&quot;
    at Object.&lt;anonymous&gt; (/Users/alcoholallergy/Desktop/test/TEST_FOR_SHOWCASE/src/App.test.js:60:28)
    at Object.asyncJestTest (/Users/alcoholallergy/Desktop/test/TEST_FOR_SHOWCASE/node_modules/jest-jasmine2/build/jasmineAsyncInstall.js:102:37)
    at /Users/alcoholallergy/Desktop/test/TEST_FOR_SHOWCASE/node_modules/jest-jasmine2/build/queueRunner.js:43:12
    at new Promise (&lt;anonymous&gt;)
    at mapper (/Users/alcoholallergy/Desktop/test/TEST_FOR_SHOWCASE/node_modules/jest-jasmine2/build/queueRunner.js:26:19)
    at /Users/alcoholallergy/Desktop/test/TEST_FOR_SHOWCASE/node_modules/jest-jasmine2/build/queueRunner.js:73:41
    at processTicksAndRejections (node:internal/process/task_queues:96:5)</failure>
    </testcase>
    <testcase classname="Hacker Dormitory should show error on trying to add a student who is not in the list" name="Hacker Dormitory should show error on trying to add a student who is not in the list" time="0.007">
      <failure>Error: Unable to find an element by: [data-testid=&quot;errorMsg&quot;]

&lt;body&gt;
  &lt;div&gt;
    &lt;div
      class=&quot;App&quot;
    &gt;
      &lt;h8k-navbar
        header=&quot;Hacker Dormitory&quot;
      /&gt;
      &lt;div
        class=&quot;layout-column justify-content-center align-items-center w-50 mx-auto&quot;
      &gt;
        &lt;div
          class=&quot;my-50 layout-row align-items-end justify-content-end&quot;
        &gt;
          &lt;label
            for=&quot;studentName&quot;
          &gt;
            Student Name:
            &lt;div&gt;
              &lt;input
                class=&quot;mr-30 mt-10&quot;
                data-testid=&quot;studentName&quot;
                id=&quot;studentName&quot;
                name=&quot;studentName&quot;
                type=&quot;text&quot;
                value=&quot;Anderson&quot;
              /&gt;
            &lt;/div&gt;
          &lt;/label&gt;
          &lt;label
            for=&quot;joiningDate&quot;
          &gt;
            Joining Date:
            &lt;div&gt;
              &lt;input
                class=&quot;mr-30 mt-10&quot;
                data-testid=&quot;joiningDate&quot;
                id=&quot;joiningDate&quot;
                name=&quot;joiningDate&quot;
                type=&quot;date&quot;
                value=&quot;2020-10-10&quot;
              /&gt;
            &lt;/div&gt;
          &lt;/label&gt;
          &lt;button
            class=&quot;small mb-0&quot;
            data-testid=&quot;addBtn&quot;
            type=&quot;button&quot;
          &gt;
            Add
          &lt;/button&gt;
        &lt;/div&gt;
        &lt;div
          class=&quot;pa-10 mt-10 w-75&quot;
        &gt;
          &lt;div
            class=&quot;font-weight-bold text-center&quot;
          &gt;
            Residents List
          &lt;/div&gt;
          &lt;ul
            class=&quot;mt-10 styled w-50 mx-auto&quot;
            data-testid=&quot;residentsNameList&quot;
          /&gt;
        &lt;/div&gt;
      &lt;/div&gt;
    &lt;/div&gt;
  &lt;/div&gt;
&lt;/body&gt;
    at getElementError (/Users/alcoholallergy/Desktop/test/TEST_FOR_SHOWCASE/node_modules/@testing-library/dom/dist/query-helpers.js:46:10)
    at /Users/alcoholallergy/Desktop/test/TEST_FOR_SHOWCASE/node_modules/@testing-library/dom/dist/query-helpers.js:100:13
    at getByTestId (/Users/alcoholallergy/Desktop/test/TEST_FOR_SHOWCASE/node_modules/@testing-library/dom/dist/query-helpers.js:83:17)
    at Object.&lt;anonymous&gt; (/Users/alcoholallergy/Desktop/test/TEST_FOR_SHOWCASE/src/App.test.js:68:17)
    at Object.asyncJestTest (/Users/alcoholallergy/Desktop/test/TEST_FOR_SHOWCASE/node_modules/jest-jasmine2/build/jasmineAsyncInstall.js:102:37)
    at /Users/alcoholallergy/Desktop/test/TEST_FOR_SHOWCASE/node_modules/jest-jasmine2/build/queueRunner.js:43:12
    at new Promise (&lt;anonymous&gt;)
    at mapper (/Users/alcoholallergy/Desktop/test/TEST_FOR_SHOWCASE/node_modules/jest-jasmine2/build/queueRunner.js:26:19)
    at /Users/alcoholallergy/Desktop/test/TEST_FOR_SHOWCASE/node_modules/jest-jasmine2/build/queueRunner.js:73:41
    at processTicksAndRejections (node:internal/process/task_queues:96:5)</failure>
    </testcase>
    <testcase classname="Hacker Dormitory should show error on trying to add a student whose validity has expired" name="Hacker Dormitory should show error on trying to add a student whose validity has expired" time="0.006">
      <failure>Error: Unable to find an element by: [data-testid=&quot;errorMsg&quot;]

&lt;body&gt;
  &lt;div&gt;
    &lt;div
      class=&quot;App&quot;
    &gt;
      &lt;h8k-navbar
        header=&quot;Hacker Dormitory&quot;
      /&gt;
      &lt;div
        class=&quot;layout-column justify-content-center align-items-center w-50 mx-auto&quot;
      &gt;
        &lt;div
          class=&quot;my-50 layout-row align-items-end justify-content-end&quot;
        &gt;
          &lt;label
            for=&quot;studentName&quot;
          &gt;
            Student Name:
            &lt;div&gt;
              &lt;input
                class=&quot;mr-30 mt-10&quot;
                data-testid=&quot;studentName&quot;
                id=&quot;studentName&quot;
                name=&quot;studentName&quot;
                type=&quot;text&quot;
                value=&quot;Bonnie&quot;
              /&gt;
            &lt;/div&gt;
          &lt;/label&gt;
          &lt;label
            for=&quot;joiningDate&quot;
          &gt;
            Joining Date:
            &lt;div&gt;
              &lt;input
                class=&quot;mr-30 mt-10&quot;
                data-testid=&quot;joiningDate&quot;
                id=&quot;joiningDate&quot;
                name=&quot;joiningDate&quot;
                type=&quot;date&quot;
                value=&quot;2019-10-10&quot;
              /&gt;
            &lt;/div&gt;
          &lt;/label&gt;
          &lt;button
            class=&quot;small mb-0&quot;
            data-testid=&quot;addBtn&quot;
            type=&quot;button&quot;
          &gt;
            Add
          &lt;/button&gt;
        &lt;/div&gt;
        &lt;div
          class=&quot;pa-10 mt-10 w-75&quot;
        &gt;
          &lt;div
            class=&quot;font-weight-bold text-center&quot;
          &gt;
            Residents List
          &lt;/div&gt;
          &lt;ul
            class=&quot;mt-10 styled w-50 mx-auto&quot;
            data-testid=&quot;residentsNameList&quot;
          /&gt;
        &lt;/div&gt;
      &lt;/div&gt;
    &lt;/div&gt;
  &lt;/div&gt;
&lt;/body&gt;
    at getElementError (/Users/alcoholallergy/Desktop/test/TEST_FOR_SHOWCASE/node_modules/@testing-library/dom/dist/query-helpers.js:46:10)
    at /Users/alcoholallergy/Desktop/test/TEST_FOR_SHOWCASE/node_modules/@testing-library/dom/dist/query-helpers.js:100:13
    at getByTestId (/Users/alcoholallergy/Desktop/test/TEST_FOR_SHOWCASE/node_modules/@testing-library/dom/dist/query-helpers.js:83:17)
    at Object.&lt;anonymous&gt; (/Users/alcoholallergy/Desktop/test/TEST_FOR_SHOWCASE/src/App.test.js:84:19)
    at Object.asyncJestTest (/Users/alcoholallergy/Desktop/test/TEST_FOR_SHOWCASE/node_modules/jest-jasmine2/build/jasmineAsyncInstall.js:102:37)
    at /Users/alcoholallergy/Desktop/test/TEST_FOR_SHOWCASE/node_modules/jest-jasmine2/build/queueRunner.js:43:12
    at new Promise (&lt;anonymous&gt;)
    at mapper (/Users/alcoholallergy/Desktop/test/TEST_FOR_SHOWCASE/node_modules/jest-jasmine2/build/queueRunner.js:26:19)
    at /Users/alcoholallergy/Desktop/test/TEST_FOR_SHOWCASE/node_modules/jest-jasmine2/build/queueRunner.js:73:41
    at processTicksAndRejections (node:internal/process/task_queues:96:5)</failure>
    </testcase>
    <testcase classname="Hacker Dormitory should hold the correct list and error message after series of Students addition" name="Hacker Dormitory should hold the correct list and error message after series of Students addition" time="0.008">
      <failure>Error: Unable to find an element by: [data-testid=&quot;errorMsg&quot;]

&lt;body&gt;
  &lt;div&gt;
    &lt;div
      class=&quot;App&quot;
    &gt;
      &lt;h8k-navbar
        header=&quot;Hacker Dormitory&quot;
      /&gt;
      &lt;div
        class=&quot;layout-column justify-content-center align-items-center w-50 mx-auto&quot;
      &gt;
        &lt;div
          class=&quot;my-50 layout-row align-items-end justify-content-end&quot;
        &gt;
          &lt;label
            for=&quot;studentName&quot;
          &gt;
            Student Name:
            &lt;div&gt;
              &lt;input
                class=&quot;mr-30 mt-10&quot;
                data-testid=&quot;studentName&quot;
                id=&quot;studentName&quot;
                name=&quot;studentName&quot;
                type=&quot;text&quot;
                value=&quot;Talisk&quot;
              /&gt;
            &lt;/div&gt;
          &lt;/label&gt;
          &lt;label
            for=&quot;joiningDate&quot;
          &gt;
            Joining Date:
            &lt;div&gt;
              &lt;input
                class=&quot;mr-30 mt-10&quot;
                data-testid=&quot;joiningDate&quot;
                id=&quot;joiningDate&quot;
                name=&quot;joiningDate&quot;
                type=&quot;date&quot;
                value=&quot;2023-12-11&quot;
              /&gt;
            &lt;/div&gt;
          &lt;/label&gt;
          &lt;button
            class=&quot;small mb-0&quot;
            data-testid=&quot;addBtn&quot;
            type=&quot;button&quot;
          &gt;
            Add
          &lt;/button&gt;
        &lt;/div&gt;
        &lt;div
          class=&quot;pa-10 mt-10 w-75&quot;
        &gt;
          &lt;div
            class=&quot;font-weight-bold text-center&quot;
          &gt;
            Residents List
          &lt;/div&gt;
          &lt;ul
            class=&quot;mt-10 styled w-50 mx-auto&quot;
            data-testid=&quot;residentsNameList&quot;
          /&gt;
        &lt;/div&gt;
      &lt;/div&gt;
    &lt;/div&gt;
  &lt;/div&gt;
&lt;/body&gt;
    at getElementError (/Users/alcoholallergy/Desktop/test/TEST_FOR_SHOWCASE/node_modules/@testing-library/dom/dist/query-helpers.js:46:10)
    at /Users/alcoholallergy/Desktop/test/TEST_FOR_SHOWCASE/node_modules/@testing-library/dom/dist/query-helpers.js:100:13
    at getByTestId (/Users/alcoholallergy/Desktop/test/TEST_FOR_SHOWCASE/node_modules/@testing-library/dom/dist/query-helpers.js:83:17)
    at Object.&lt;anonymous&gt; (/Users/alcoholallergy/Desktop/test/TEST_FOR_SHOWCASE/src/App.test.js:101:17)
    at Object.asyncJestTest (/Users/alcoholallergy/Desktop/test/TEST_FOR_SHOWCASE/node_modules/jest-jasmine2/build/jasmineAsyncInstall.js:102:37)
    at /Users/alcoholallergy/Desktop/test/TEST_FOR_SHOWCASE/node_modules/jest-jasmine2/build/queueRunner.js:43:12
    at new Promise (&lt;anonymous&gt;)
    at mapper (/Users/alcoholallergy/Desktop/test/TEST_FOR_SHOWCASE/node_modules/jest-jasmine2/build/queueRunner.js:26:19)
    at /Users/alcoholallergy/Desktop/test/TEST_FOR_SHOWCASE/node_modules/jest-jasmine2/build/queueRunner.js:73:41
    at processTicksAndRejections (node:internal/process/task_queues:96:5)</failure>
    </testcase>
  </testsuite>
</testsuites>